# JRE version: Java(TM) SE Runtime Environment (7.0_60-b19) (build 1.7.0_60-b19)
# Java VM: Java HotSpot(TM) 64-Bit Server VM (24.60-b09 mixed mode bsd-amd64 compressed oops)
Heap
 PSYoungGen      total 146432K, used 15288K [0x00000007d5500000, 0x00000007df500000, 0x0000000800000000)
  eden space 133632K, 3% used [0x00000007d5500000,0x00000007d590a800,0x00000007dd780000)
  from space 12800K, 87% used [0x00000007de580000,0x00000007df063b40,0x00000007df200000)
  to   space 14336K, 0% used [0x00000007dd780000,0x00000007dd780000,0x00000007de580000)
 ParOldGen       total 87040K, used 11420K [0x0000000780000000, 0x0000000785500000, 0x00000007d5500000)
  object space 87040K, 13% used [0x0000000780000000,0x0000000780b27388,0x0000000785500000)
 PSPermGen       total 32256K, used 32249K [0x000000077ae00000, 0x000000077cd80000, 0x0000000780000000)
  object space 32256K, 99% used [0x000000077ae00000,0x000000077cd7e468,0x000000077cd80000)
GC Heap History (10 events):
Event: 1.873 GC heap before
{Heap before GC invocations=2 (full 0):
 PSYoungGen      total 38912K, used 36634K [0x00000007d5500000, 0x00000007d8000000, 0x0000000800000000)
  eden space 33792K, 100% used [0x00000007d5500000,0x00000007d7600000,0x00000007d7600000)
  from space 5120K, 55% used [0x00000007d7600000,0x00000007d78c6898,0x00000007d7b00000)
  to   space 5120K, 0% used [0x00000007d7b00000,0x00000007d7b00000,0x00000007d8000000)
 ParOldGen       total 87040K, used 8K [0x0000000780000000, 0x0000000785500000, 0x00000007d5500000)
  object space 87040K, 0% used [0x0000000780000000,0x0000000780002000,0x0000000785500000)
 PSPermGen       total 21504K, used 13737K [0x000000077ae00000, 0x000000077c300000, 0x0000000780000000)
  object space 21504K, 63% used [0x000000077ae00000,0x000000077bb6a620,0x000000077c300000)
Event: 1.883 GC heap after
Heap after GC invocations=2 (full 0):
 PSYoungGen      total 38912K, used 4747K [0x00000007d5500000, 0x00000007d8000000, 0x0000000800000000)
  eden space 33792K, 0% used [0x00000007d5500000,0x00000007d5500000,0x00000007d7600000)
  from space 5120K, 92% used [0x00000007d7b00000,0x00000007d7fa2da8,0x00000007d8000000)
  to   space 5120K, 0% used [0x00000007d7600000,0x00000007d7600000,0x00000007d7b00000)
 ParOldGen       total 87040K, used 80K [0x0000000780000000, 0x0000000785500000, 0x00000007d5500000)
  object space 87040K, 0% used [0x0000000780000000,0x0000000780014010,0x0000000785500000)
 PSPermGen       total 21504K, used 13737K [0x000000077ae00000, 0x000000077c300000, 0x0000000780000000)
  object space 21504K, 63% used [0x000000077ae00000,0x000000077bb6a620,0x000000077c300000)
}
Event: 2.635 GC heap before
{Heap before GC invocations=3 (full 0):
 PSYoungGen      total 38912K, used 38539K [0x00000007d5500000, 0x00000007d8000000, 0x0000000800000000)
  eden space 33792K, 100% used [0x00000007d5500000,0x00000007d7600000,0x00000007d7600000)
  from space 5120K, 92% used [0x00000007d7b00000,0x00000007d7fa2da8,0x00000007d8000000)
  to   space 5120K, 0% used [0x00000007d7600000,0x00000007d7600000,0x00000007d7b00000)
 ParOldGen       total 87040K, used 80K [0x0000000780000000, 0x0000000785500000, 0x00000007d5500000)
  object space 87040K, 0% used [0x0000000780000000,0x0000000780014010,0x0000000785500000)
 PSPermGen       total 21504K, used 20106K [0x000000077ae00000, 0x000000077c300000, 0x0000000780000000)
  object space 21504K, 93% used [0x000000077ae00000,0x000000077c1a28e8,0x000000077c300000)
Event: 2.646 GC heap after
Heap after GC invocations=3 (full 0):
 PSYoungGen      total 38912K, used 5089K [0x00000007d5500000, 0x00000007da100000, 0x0000000800000000)
  eden space 33792K, 0% used [0x00000007d5500000,0x00000007d5500000,0x00000007d7600000)
  from space 5120K, 99% used [0x00000007d7600000,0x00000007d7af87a0,0x00000007d7b00000)
  to   space 5120K, 0% used [0x00000007d9c00000,0x00000007d9c00000,0x00000007da100000)
 ParOldGen       total 87040K, used 3350K [0x0000000780000000, 0x0000000785500000, 0x00000007d5500000)
  object space 87040K, 3% used [0x0000000780000000,0x0000000780345838,0x0000000785500000)
 PSPermGen       total 21504K, used 20106K [0x000000077ae00000, 0x000000077c300000, 0x0000000780000000)
  object space 21504K, 93% used [0x000000077ae00000,0x000000077c1a28e8,0x000000077c300000)
}
Event: 3.083 GC heap before
{Heap before GC invocations=4 (full 0):
 PSYoungGen      total 38912K, used 38881K [0x00000007d5500000, 0x00000007da100000, 0x0000000800000000)
  eden space 33792K, 100% used [0x00000007d5500000,0x00000007d7600000,0x00000007d7600000)
  from space 5120K, 99% used [0x00000007d7600000,0x00000007d7af87a0,0x00000007d7b00000)
  to   space 5120K, 0% used [0x00000007d9c00000,0x00000007d9c00000,0x00000007da100000)
 ParOldGen       total 87040K, used 3350K [0x0000000780000000, 0x0000000785500000, 0x00000007d5500000)
  object space 87040K, 3% used [0x0000000780000000,0x0000000780345838,0x0000000785500000)
 PSPermGen       total 23552K, used 23266K [0x000000077ae00000, 0x000000077c500000, 0x0000000780000000)
  object space 23552K, 98% used [0x000000077ae00000,0x000000077c4b8be0,0x000000077c500000)
Event: 3.097 GC heap after
Heap after GC invocations=4 (full 0):
 PSYoungGen      total 72704K, used 5105K [0x00000007d5500000, 0x00000007da100000, 0x0000000800000000)
  eden space 67584K, 0% used [0x00000007d5500000,0x00000007d5500000,0x00000007d9700000)
  from space 5120K, 99% used [0x00000007d9c00000,0x00000007da0fc770,0x00000007da100000)
  to   space 5120K, 0% used [0x00000007d9700000,0x00000007d9700000,0x00000007d9c00000)
 ParOldGen       total 87040K, used 6274K [0x0000000780000000, 0x0000000785500000, 0x00000007d5500000)
  object space 87040K, 7% used [0x0000000780000000,0x00000007806208b0,0x0000000785500000)
 PSPermGen       total 23552K, used 23266K [0x000000077ae00000, 0x000000077c500000, 0x0000000780000000)
  object space 23552K, 98% used [0x000000077ae00000,0x000000077c4b8be0,0x000000077c500000)
}
Event: 4.642 GC heap before
{Heap before GC invocations=5 (full 0):
 PSYoungGen      total 72704K, used 72689K [0x00000007d5500000, 0x00000007da100000, 0x0000000800000000)
  eden space 67584K, 100% used [0x00000007d5500000,0x00000007d9700000,0x00000007d9700000)
  from space 5120K, 99% used [0x00000007d9c00000,0x00000007da0fc770,0x00000007da100000)
  to   space 5120K, 0% used [0x00000007d9700000,0x00000007d9700000,0x00000007d9c00000)
 ParOldGen       total 87040K, used 6274K [0x0000000780000000, 0x0000000785500000, 0x00000007d5500000)
  object space 87040K, 7% used [0x0000000780000000,0x00000007806208b0,0x0000000785500000)
 PSPermGen       total 29184K, used 28759K [0x000000077ae00000, 0x000000077ca80000, 0x0000000780000000)
  object space 29184K, 98% used [0x000000077ae00000,0x000000077ca15cd8,0x000000077ca80000)
Event: 4.661 GC heap after
Heap after GC invocations=5 (full 0):
 PSYoungGen      total 72704K, used 5094K [0x00000007d5500000, 0x00000007df200000, 0x0000000800000000)
  eden space 67584K, 0% used [0x00000007d5500000,0x00000007d5500000,0x00000007d9700000)
  from space 5120K, 99% used [0x00000007d9700000,0x00000007d9bf9b00,0x00000007d9c00000)
  to   space 12800K, 0% used [0x00000007de580000,0x00000007de580000,0x00000007df200000)
 ParOldGen       total 87040K, used 11412K [0x0000000780000000, 0x0000000785500000, 0x00000007d5500000)
  object space 87040K, 13% used [0x0000000780000000,0x0000000780b25388,0x0000000785500000)
 PSPermGen       total 29184K, used 28759K [0x000000077ae00000, 0x000000077ca80000, 0x0000000780000000)
  object space 29184K, 98% used [0x000000077ae00000,0x000000077ca15cd8,0x000000077ca80000)
}
Event: 6.835 GC heap before
{Heap before GC invocations=6 (full 0):
 PSYoungGen      total 72704K, used 72678K [0x00000007d5500000, 0x00000007df200000, 0x0000000800000000)
  eden space 67584K, 100% used [0x00000007d5500000,0x00000007d9700000,0x00000007d9700000)
  from space 5120K, 99% used [0x00000007d9700000,0x00000007d9bf9b00,0x00000007d9c00000)
  to   space 12800K, 0% used [0x00000007de580000,0x00000007de580000,0x00000007df200000)
 ParOldGen       total 87040K, used 11412K [0x0000000780000000, 0x0000000785500000, 0x00000007d5500000)
  object space 87040K, 13% used [0x0000000780000000,0x0000000780b25388,0x0000000785500000)
 PSPermGen       total 32256K, used 32241K [0x000000077ae00000, 0x000000077cd80000, 0x0000000780000000)
  object space 32256K, 99% used [0x000000077ae00000,0x000000077cd7c6f8,0x000000077cd80000)
Event: 6.869 GC heap after
Heap after GC invocations=6 (full 0):
 PSYoungGen      total 146432K, used 11150K [0x00000007d5500000, 0x00000007df500000, 0x0000000800000000)
  eden space 133632K, 0% used [0x00000007d5500000,0x00000007d5500000,0x00000007dd780000)
  from space 12800K, 87% used [0x00000007de580000,0x00000007df063b40,0x00000007df200000)
  to   space 14336K, 0% used [0x00000007dd780000,0x00000007dd780000,0x00000007de580000)
 ParOldGen       total 87040K, used 11420K [0x0000000780000000, 0x0000000785500000, 0x00000007d5500000)
  object space 87040K, 13% used [0x0000000780000000,0x0000000780b27388,0x0000000785500000)
 PSPermGen       total 32256K, used 32241K [0x000000077ae00000, 0x000000077cd80000, 0x0000000780000000)
  object space 32256K, 99% used [0x000000077ae00000,0x000000077cd7c6f8,0x000000077cd80000)
}

